<?xml version="1.0" encoding="UTF-8"?>
<!-- Generated by org.testng.reporters.JUnitReportReporter -->
<testsuite hostname="DESKTOP-L4SH9GI" failures="0" tests="1" name="TestcasesDemoMaven.LoginTestDemoMaven" time="12.293" errors="0" timestamp="2022-12-15T13:00:25 IST" skipped="0">
  <testcase classname="TestcasesDemoMaven.LoginTestDemoMaven" name="Loginpage" time="12.293"/>
  <system-out/>
</testsuite> <!-- TestcasesDemoMaven.LoginTestDemoMaven -->
