<?xml version="1.0" encoding="UTF-8"?>
<!-- Generated by org.testng.reporters.JUnitReportReporter -->
<testsuite hostname="DESKTOP-L4SH9GI" failures="0" tests="1" name="TestcasesDemoMaven.LoginTestDemoMaven" time="6.411" errors="0" timestamp="2022-12-15T09:18:15 IST" skipped="0">
  <testcase classname="TestcasesDemoMaven.LoginTestDemoMaven" name="Loginpage" time="6.411"/>
  <system-out/>
</testsuite> <!-- TestcasesDemoMaven.LoginTestDemoMaven -->
